<?xml version="1.0" encoding="UTF-8"?>
<!-- Generated by org.testng.reporters.JUnitReportReporter -->
<testsuite hostname="Zhiliaevs-MacBook-Air.local" failures="0" tests="1" name="Test.ONasLinks" time="20.497" errors="0" timestamp="2020-12-02T09:11:50 CET" skipped="0">
  <testcase classname="Test.ONasLinks" name="workingLinks" time="20.497"/>
  <system-out/>
</testsuite> <!-- Test.ONasLinks -->
