<?xml version="1.0" encoding="UTF-8"?>
<!-- Generated by org.testng.reporters.JUnitReportReporter -->
<testsuite hostname="Zhiliaevs-MacBook-Air.local" failures="0" tests="1" name="Test.SledujteNas" time="17.666" errors="0" timestamp="2020-11-24T13:11:23 CET" skipped="0">
  <testcase classname="Test.SledujteNas" name="workingLinks" time="17.666"/>
  <system-out/>
</testsuite> <!-- Test.SledujteNas -->
