<?xml version="1.0" encoding="UTF-8"?>
<!-- Generated by org.testng.reporters.JUnitReportReporter -->
<testsuite hostname="Zhiliaevs-MacBook-Air.local" failures="0" tests="1" name="Test.BrokenLinks" time="34.477" errors="0" timestamp="2020-11-27T17:05:31 CET" skipped="0">
  <testcase classname="Test.BrokenLinks" name="brokenLinks" time="34.477"/>
  <system-out/>
</testsuite> <!-- Test.BrokenLinks -->
