<?xml version="1.0" encoding="UTF-8"?>
<!-- Generated by org.testng.reporters.JUnitReportReporter -->
<testsuite hostname="Zhiliaevs-MacBook-Air.local" failures="0" tests="1" name="Test.SluzbyLinks" time="23.690" errors="0" timestamp="2020-11-26T10:57:49 CET" skipped="0">
  <testcase classname="Test.SluzbyLinks" name="workingLinks" time="23.690"/>
  <system-out/>
</testsuite> <!-- Test.SluzbyLinks -->
