<?xml version="1.0" encoding="UTF-8"?>
<!-- Generated by org.testng.reporters.JUnitReportReporter -->
<testsuite hostname="Zhiliaevs-MacBook-Air.local" failures="0" tests="2" name="Test.Day1" time="0.036" errors="0" timestamp="2020-11-18T13:04:15 CET" skipped="0">
  <testcase classname="Test.Day1" name="Demo" time="0.001"/>
  <system-out/>
  <testcase classname="Test.Day1" name="Aeto" time="0.035"/>
  <system-out/>
</testsuite> <!-- Test.Day1 -->
