<?xml version="1.0" encoding="UTF-8"?>
<!-- Generated by org.testng.reporters.JUnitReportReporter -->
<testsuite hostname="Zhiliaevs-MacBook-Air.local" failures="0" tests="3" name="Test.Day2" time="0.012" errors="0" timestamp="2020-11-17T18:29:56 CET" skipped="0">
  <testcase classname="Test.Day2" name="WebLoginHome" time="0.002"/>
  <system-out/>
  <testcase classname="Test.Day2" name="MobileLoginOutside" time="0.008"/>
  <system-out/>
  <testcase classname="Test.Day2" name="WebLoginWork" time="0.002"/>
  <system-out/>
</testsuite> <!-- Test.Day2 -->
