<?xml version="1.0" encoding="UTF-8"?>
<!-- Generated by org.testng.reporters.JUnitReportReporter -->
<testsuite hostname="Zhiliaevs-MacBook-Air.local" failures="0" tests="1" name="Test.VseONakupuLinks" time="27.981" errors="0" timestamp="2020-12-02T09:41:06 CET" skipped="0">
  <testcase classname="Test.VseONakupuLinks" name="workingLinks" time="27.981"/>
  <system-out/>
</testsuite> <!-- Test.VseONakupuLinks -->
