<?xml version="1.0" encoding="UTF-8"?>
<!-- Generated by org.testng.reporters.JUnitReportReporter -->
<testsuite hostname="Zhiliaevs-MacBook-Air.local" failures="0" tests="1" name="Test.Links" time="20.952" errors="0" timestamp="2020-11-18T13:49:45 CET" skipped="0">
  <testcase classname="Test.Links" name="workingLinks" time="20.952"/>
  <system-out/>
</testsuite> <!-- Test.Links -->
