<?xml version="1.0" encoding="UTF-8"?>
<!-- Generated by org.testng.reporters.JUnitReportReporter -->
<testsuite hostname="Zhiliaevs-MacBook-Air.local" failures="0" tests="1" name="Test.Linkz" time="11.530" errors="0" timestamp="2020-11-18T13:23:51 CET" skipped="0">
  <testcase classname="Test.Linkz" name="Links" time="11.530"/>
  <system-out/>
</testsuite> <!-- Test.Linkz -->
